Using pre-set license
Built from '2020.3/release' branch; Version is '2020.3.7f1 (dd97f2c94397) revision 14522354'; Using compiler version '192528614'; Build Type 'Release'
OS: 'Windows 10 Pro; OS build 19042.1348; Version 2009; 64bit' Language: 'ko' Physical Memory: 16233 MB
BatchMode: 1, IsHumanControllingUs: 0, StartBugReporterOnCrash: 0, Is64bit: 1, IsPro: 0

 COMMAND LINE ARGUMENTS:
C:\Program Files\Unity\Editor\Unity.exe
-adb2
-batchMode
-noUpm
-name
AssetImportWorker0
-projectPath
C:/Users/ROG/Documents/AlgoPJ/AlgoUnityPJ
-logFile
Logs/AssetImportWorker0.log
-srvPort
57321
Successfully changed project path to: C:/Users/ROG/Documents/AlgoPJ/AlgoUnityPJ
C:/Users/ROG/Documents/AlgoPJ/AlgoUnityPJ
Using Asset Import Pipeline V2.
Refreshing native plugins compatible for Editor in 52.39 ms, found 1 plugins.
Preloading 0 native plugins for Editor in 0.00 ms.
Initialize engine version: 2020.3.7f1 (dd97f2c94397)
[Subsystems] Discovering subsystems at path C:/Program Files/Unity/Editor/Data/Resources/UnitySubsystems
[Subsystems] Discovering subsystems at path C:/Users/ROG/Documents/AlgoPJ/AlgoUnityPJ/Assets
GfxDevice: creating device client; threaded=0
Direct3D:
    Version:  Direct3D 11.0 [level 11.1]
    Renderer: NVIDIA GeForce RTX 2060 (ID=0x1f11)
    Vendor:   
    VRAM:     5980 MB
    Driver:   27.21.14.5763
Shader 'Universal Render Pipeline/Particles/Lit': fallback shader 'Universal Render Pipeline/Particles/SimpleLit' not found
Initialize mono
Mono path[0] = 'C:/Program Files/Unity/Editor/Data/Managed'
Mono path[1] = 'C:/Program Files/Unity/Editor/Data/MonoBleedingEdge/lib/mono/unityjit'
Mono config path = 'C:/Program Files/Unity/Editor/Data/MonoBleedingEdge/etc'
Using monoOptions --debugger-agent=transport=dt_socket,embedding=1,server=y,suspend=n,address=127.0.0.1:56996
Begin MonoManager ReloadAssembly
Registering precompiled unity dll's ...
Register platform support module: C:/Program Files/Unity/Editor/Data/PlaybackEngines/WindowsStandaloneSupport/UnityEditor.WindowsStandalone.Extensions.dll
Registered in 0.001874 seconds.
Native extension for WindowsStandalone target not found
Refreshing native plugins compatible for Editor in 53.59 ms, found 1 plugins.
Preloading 0 native plugins for Editor in 0.00 ms.
Mono: successfully reloaded assembly
- Completed reload, in  0.963 seconds
Platform modules already initialized, skipping
Registering precompiled user dll's ...
Registered in 0.002482 seconds.
Begin MonoManager ReloadAssembly
Native extension for WindowsStandalone target not found
Refreshing native plugins compatible for Editor in 52.57 ms, found 1 plugins.
Preloading 0 native plugins for Editor in 0.00 ms.
Mono: successfully reloaded assembly
- Completed reload, in  0.980 seconds
Platform modules already initialized, skipping
========================================================================
Worker process is ready to serve import requests
Shader 'Universal Render Pipeline/Particles/Lit': fallback shader 'Universal Render Pipeline/Particles/SimpleLit' not found
Launched and connected shader compiler UnityShaderCompiler.exe after 0.04 seconds
Refreshing native plugins compatible for Editor in 0.50 ms, found 1 plugins.
Preloading 0 native plugins for Editor in 0.00 ms.
Unloading 3144 Unused Serialized files (Serialized files now loaded: 0)
System memory in use before: 136.8 MB.
System memory in use after: 136.9 MB.

Unloading 27 unused Assets to reduce memory usage. Loaded Objects now: 3590.
Total: 2.341500 ms (FindLiveObjects: 0.288900 ms CreateObjectMapping: 0.135800 ms MarkObjects: 1.809200 ms  DeleteObjects: 0.106800 ms)

========================================================================
Received Import Request.
  path: Assets/Prefabs/ManagerObj.prefab
  artifactKey: Guid(9096b6b7bd3b9f4458b894703a3f4180) Importer(815301076,1909f56bfc062723c751e8b465ee728b)
Start importing Assets/Prefabs/ManagerObj.prefab using Guid(9096b6b7bd3b9f4458b894703a3f4180) Importer(815301076,1909f56bfc062723c751e8b465ee728b)  -> (artifact id: 'e115d69a92cfe7cef3ef620e70556af4') in 0.046620 seconds
  Import took 0.051092 seconds .

========================================================================
Received Import Request.
  Time since last request: 49.885596 seconds.
  path: Assets/Scenes/MakeTileScene.unity
  artifactKey: Guid(e9f25c67620280048bfbf99a211abced) Importer(815301076,1909f56bfc062723c751e8b465ee728b)
Start importing Assets/Scenes/MakeTileScene.unity using Guid(e9f25c67620280048bfbf99a211abced) Importer(815301076,1909f56bfc062723c751e8b465ee728b)  -> (artifact id: '66ecb4483b8dde31ed0c9c91eb594d04') in 0.009025 seconds
  Import took 0.014064 seconds .

========================================================================
Received Import Request.
  Time since last request: 35.096968 seconds.
  path: Assets/Scripts/Tiles
  artifactKey: Guid(96f6f68ceadaf214baad086a02560eb4) Importer(815301076,1909f56bfc062723c751e8b465ee728b)
Start importing Assets/Scripts/Tiles using Guid(96f6f68ceadaf214baad086a02560eb4) Importer(815301076,1909f56bfc062723c751e8b465ee728b)  -> (artifact id: '9d1ad422635488bcee3a44d92140a843') in 0.008105 seconds
  Import took 0.013024 seconds .

========================================================================
Received Import Request.
  Time since last request: 0.000526 seconds.
  path: Assets/Scripts/Tiles
  artifactKey: Guid(96f6f68ceadaf214baad086a02560eb4) Importer(815301076,1909f56bfc062723c751e8b465ee728b)
Start importing Assets/Scripts/Tiles using Guid(96f6f68ceadaf214baad086a02560eb4) Importer(815301076,1909f56bfc062723c751e8b465ee728b)  -> (artifact id: '9d1ad422635488bcee3a44d92140a843') in 0.003370 seconds
  Import took 0.008007 seconds .

========================================================================
Received Import Request.
  Time since last request: 8.617736 seconds.
  path: Assets/Scripts/Tiles/tilesets
  artifactKey: Guid(a292aca46d25f3c4ca79915f39f4cbe3) Importer(815301076,1909f56bfc062723c751e8b465ee728b)
Start importing Assets/Scripts/Tiles/tilesets using Guid(a292aca46d25f3c4ca79915f39f4cbe3) Importer(815301076,1909f56bfc062723c751e8b465ee728b)  -> (artifact id: 'f7df534d84f0d2dfb9f29ccd0548c4a3') in 0.007572 seconds
  Import took 0.012776 seconds .

========================================================================
Received Import Request.
  Time since last request: 0.048959 seconds.
  path: Assets/Scripts/Tiles/tilesets/VisuStella_A5.png
  artifactKey: Guid(02f3ba1ed895df448a6ce439d3c1c850) Importer(815301076,1909f56bfc062723c751e8b465ee728b)
Start importing Assets/Scripts/Tiles/tilesets/VisuStella_A5.png using Guid(02f3ba1ed895df448a6ce439d3c1c850) Importer(815301076,1909f56bfc062723c751e8b465ee728b)  -> (artifact id: '37ce29ab092339579fe760a03a60e277') in 0.060980 seconds
  Import took 0.065576 seconds .

========================================================================
Received Import Request.
  Time since last request: 0.000289 seconds.
  path: Assets/Scripts/Tiles/tilesets/VisuStella_Interior_C.png
  artifactKey: Guid(48722231545f24f4b9d56c71844ec565) Importer(815301076,1909f56bfc062723c751e8b465ee728b)
Start importing Assets/Scripts/Tiles/tilesets/VisuStella_Interior_C.png using Guid(48722231545f24f4b9d56c71844ec565) Importer(815301076,1909f56bfc062723c751e8b465ee728b)  -> (artifact id: 'bd45239cffe75dbb321d5416ba06a8ba') in 0.020310 seconds
  Import took 0.025226 seconds .

========================================================================
Received Import Request.
  Time since last request: 0.000295 seconds.
  path: Assets/Scripts/Tiles/tilesets/VisuStella_Interior_D.png
  artifactKey: Guid(4c6240e34a0812b41a9a64d421585403) Importer(815301076,1909f56bfc062723c751e8b465ee728b)
Start importing Assets/Scripts/Tiles/tilesets/VisuStella_Interior_D.png using Guid(4c6240e34a0812b41a9a64d421585403) Importer(815301076,1909f56bfc062723c751e8b465ee728b)  -> (artifact id: 'bd167cb0d5d321ae971f6aeab550dea8') in 0.016868 seconds
  Import took 0.022419 seconds .

========================================================================
Received Import Request.
  Time since last request: 0.000260 seconds.
  path: Assets/Scripts/Tiles/tilesets/VisuStella_Ground_A2.png
  artifactKey: Guid(7ab9db4bcf90d634a9efd04aceb1fcd8) Importer(815301076,1909f56bfc062723c751e8b465ee728b)
Start importing Assets/Scripts/Tiles/tilesets/VisuStella_Ground_A2.png using Guid(7ab9db4bcf90d634a9efd04aceb1fcd8) Importer(815301076,1909f56bfc062723c751e8b465ee728b)  -> (artifact id: 'f5f0a8a5bca87f3c8c0549fab74d133f') in 0.017302 seconds
  Import took 0.022003 seconds .

========================================================================
Received Import Request.
  Time since last request: 0.000225 seconds.
  path: Assets/Scripts/Tiles/tilesets/VisuStella_Interior_A4.png
  artifactKey: Guid(42f0888b06d128a4bbf58b42728528db) Importer(815301076,1909f56bfc062723c751e8b465ee728b)
Start importing Assets/Scripts/Tiles/tilesets/VisuStella_Interior_A4.png using Guid(42f0888b06d128a4bbf58b42728528db) Importer(815301076,1909f56bfc062723c751e8b465ee728b)  -> (artifact id: '545d2c1ea8b2178b2f87111c7b8be16c') in 0.016031 seconds
  Import took 0.020686 seconds .

========================================================================
Received Import Request.
  Time since last request: 0.000272 seconds.
  path: Assets/Scripts/Tiles/tilesets/VisuStella_Interior_E.png
  artifactKey: Guid(eb8c483454229b14e993f1bbca3b8ce4) Importer(815301076,1909f56bfc062723c751e8b465ee728b)
Start importing Assets/Scripts/Tiles/tilesets/VisuStella_Interior_E.png using Guid(eb8c483454229b14e993f1bbca3b8ce4) Importer(815301076,1909f56bfc062723c751e8b465ee728b)  -> (artifact id: '59205712e78d70ecc43c14c107c6315d') in 0.017687 seconds
  Import took 0.023460 seconds .

========================================================================
Received Import Request.
  Time since last request: 0.000459 seconds.
  path: Assets/Scripts/Tiles/tilesets/VisuStella_Interior_B.png
  artifactKey: Guid(5e4509b5689f7214a954922203cc4cb8) Importer(815301076,1909f56bfc062723c751e8b465ee728b)
Start importing Assets/Scripts/Tiles/tilesets/VisuStella_Interior_B.png using Guid(5e4509b5689f7214a954922203cc4cb8) Importer(815301076,1909f56bfc062723c751e8b465ee728b)  -> (artifact id: '1c37144087c7e19e361af9622273efe2') in 0.017016 seconds
  Import took 0.021671 seconds .

========================================================================
Received Import Request.
  Time since last request: 14.414841 seconds.
  path: Assets/Scripts/Tiles/tilesets/VisuStella_A5.png
  artifactKey: Guid(02f3ba1ed895df448a6ce439d3c1c850) Importer(815301076,1909f56bfc062723c751e8b465ee728b)
Start importing Assets/Scripts/Tiles/tilesets/VisuStella_A5.png using Guid(02f3ba1ed895df448a6ce439d3c1c850) Importer(815301076,1909f56bfc062723c751e8b465ee728b)  -> (artifact id: '4e42faa355a56bcb87f40b19ee1b48b1') in 0.009571 seconds
  Import took 0.014583 seconds .

========================================================================
Received Import Request.
  Time since last request: 0.000182 seconds.
  path: Assets/Scripts/Tiles/tilesets/VisuStella_Interior_C.png
  artifactKey: Guid(48722231545f24f4b9d56c71844ec565) Importer(815301076,1909f56bfc062723c751e8b465ee728b)
Start importing Assets/Scripts/Tiles/tilesets/VisuStella_Interior_C.png using Guid(48722231545f24f4b9d56c71844ec565) Importer(815301076,1909f56bfc062723c751e8b465ee728b)  -> (artifact id: '6d98c65ca939e4c680ab959fe7add52d') in 0.012314 seconds
  Import took 0.016783 seconds .

========================================================================
Received Import Request.
  Time since last request: 0.000464 seconds.
  path: Assets/Scripts/Tiles/tilesets/VisuStella_Interior_D.png
  artifactKey: Guid(4c6240e34a0812b41a9a64d421585403) Importer(815301076,1909f56bfc062723c751e8b465ee728b)
Start importing Assets/Scripts/Tiles/tilesets/VisuStella_Interior_D.png using Guid(4c6240e34a0812b41a9a64d421585403) Importer(815301076,1909f56bfc062723c751e8b465ee728b)  -> (artifact id: '4aa156688779ce914a1cd236a2e6f8bb') in 0.013810 seconds
  Import took 0.019153 seconds .

========================================================================
Received Import Request.
  Time since last request: 0.000270 seconds.
  path: Assets/Scripts/Tiles/tilesets/VisuStella_Ground_A2.png
  artifactKey: Guid(7ab9db4bcf90d634a9efd04aceb1fcd8) Importer(815301076,1909f56bfc062723c751e8b465ee728b)
Start importing Assets/Scripts/Tiles/tilesets/VisuStella_Ground_A2.png using Guid(7ab9db4bcf90d634a9efd04aceb1fcd8) Importer(815301076,1909f56bfc062723c751e8b465ee728b)  -> (artifact id: '8dab3407682ca78643dffb6c3ca3d3f8') in 0.012453 seconds
  Import took 0.017998 seconds .

========================================================================
Received Import Request.
  Time since last request: 0.000251 seconds.
  path: Assets/Scripts/Tiles/tilesets/VisuStella_Interior_A4.png
  artifactKey: Guid(42f0888b06d128a4bbf58b42728528db) Importer(815301076,1909f56bfc062723c751e8b465ee728b)
Start importing Assets/Scripts/Tiles/tilesets/VisuStella_Interior_A4.png using Guid(42f0888b06d128a4bbf58b42728528db) Importer(815301076,1909f56bfc062723c751e8b465ee728b)  -> (artifact id: '71153e03f500cebc3a79c0399c73a171') in 0.010255 seconds
  Import took 0.015213 seconds .

========================================================================
Received Import Request.
  Time since last request: 0.000265 seconds.
  path: Assets/Scripts/Tiles/tilesets/VisuStella_Interior_E.png
  artifactKey: Guid(eb8c483454229b14e993f1bbca3b8ce4) Importer(815301076,1909f56bfc062723c751e8b465ee728b)
Start importing Assets/Scripts/Tiles/tilesets/VisuStella_Interior_E.png using Guid(eb8c483454229b14e993f1bbca3b8ce4) Importer(815301076,1909f56bfc062723c751e8b465ee728b)  -> (artifact id: 'ee7cce968027052db02e2e230106ebc8') in 0.014671 seconds
  Import took 0.020241 seconds .

========================================================================
Received Import Request.
  Time since last request: 0.000260 seconds.
  path: Assets/Scripts/Tiles/tilesets/VisuStella_Interior_B.png
  artifactKey: Guid(5e4509b5689f7214a954922203cc4cb8) Importer(815301076,1909f56bfc062723c751e8b465ee728b)
Start importing Assets/Scripts/Tiles/tilesets/VisuStella_Interior_B.png using Guid(5e4509b5689f7214a954922203cc4cb8) Importer(815301076,1909f56bfc062723c751e8b465ee728b)  -> (artifact id: 'ce271c3e5150f198eb863d5947dc0213') in 0.012698 seconds
  Import took 0.019142 seconds .

========================================================================
Received Import Request.
  Time since last request: 50.284794 seconds.
  path: Assets/Scripts/Tiles/tilesets/VisuStella_A5.png
  artifactKey: Guid(02f3ba1ed895df448a6ce439d3c1c850) Importer(815301076,1909f56bfc062723c751e8b465ee728b)
Start importing Assets/Scripts/Tiles/tilesets/VisuStella_A5.png using Guid(02f3ba1ed895df448a6ce439d3c1c850) Importer(815301076,1909f56bfc062723c751e8b465ee728b)  -> (artifact id: '41edfbf36c08ee3703c59bf6b98a65e9') in 0.186582 seconds
  Import took 0.192249 seconds .

========================================================================
Received Import Request.
  Time since last request: 11.978221 seconds.
  path: Assets/Scripts/Tiles/tilesets/VisuStella_Ground_A2.png
  artifactKey: Guid(7ab9db4bcf90d634a9efd04aceb1fcd8) Importer(815301076,1909f56bfc062723c751e8b465ee728b)
Start importing Assets/Scripts/Tiles/tilesets/VisuStella_Ground_A2.png using Guid(7ab9db4bcf90d634a9efd04aceb1fcd8) Importer(815301076,1909f56bfc062723c751e8b465ee728b)  -> (artifact id: '3b57c42ace2bbe51ecbcff806946a66e') in 0.215829 seconds
  Import took 0.221448 seconds .

========================================================================
Received Import Request.
  Time since last request: 6.985092 seconds.
  path: Assets/Scripts/Tiles/tilesets/VisuStella_Interior_A4.png
  artifactKey: Guid(42f0888b06d128a4bbf58b42728528db) Importer(815301076,1909f56bfc062723c751e8b465ee728b)
Start importing Assets/Scripts/Tiles/tilesets/VisuStella_Interior_A4.png using Guid(42f0888b06d128a4bbf58b42728528db) Importer(815301076,1909f56bfc062723c751e8b465ee728b)  -> (artifact id: '6b1172717e8c11401597214af49c8342') in 0.231040 seconds
  Import took 0.236637 seconds .

========================================================================
Received Import Request.
  Time since last request: 13.838934 seconds.
  path: Assets/Scripts/Tiles/tilesets/VisuStella_Interior_B.png
  artifactKey: Guid(5e4509b5689f7214a954922203cc4cb8) Importer(815301076,1909f56bfc062723c751e8b465ee728b)
Start importing Assets/Scripts/Tiles/tilesets/VisuStella_Interior_B.png using Guid(5e4509b5689f7214a954922203cc4cb8) Importer(815301076,1909f56bfc062723c751e8b465ee728b)  -> (artifact id: 'f214a95035d5fab4d1e52c434adfd96a') in 0.297661 seconds
  Import took 0.303079 seconds .

========================================================================
Received Import Request.
  Time since last request: 7.420681 seconds.
  path: Assets/Scripts/Tiles/tilesets/VisuStella_Interior_C.png
  artifactKey: Guid(48722231545f24f4b9d56c71844ec565) Importer(815301076,1909f56bfc062723c751e8b465ee728b)
Start importing Assets/Scripts/Tiles/tilesets/VisuStella_Interior_C.png using Guid(48722231545f24f4b9d56c71844ec565) Importer(815301076,1909f56bfc062723c751e8b465ee728b)  -> (artifact id: 'f3b84a41eed89586d90a5f30b16ce3e5') in 0.475691 seconds
  Import took 0.481266 seconds .

========================================================================
Received Import Request.
  Time since last request: 8.393809 seconds.
  path: Assets/Scripts/Tiles/tilesets/VisuStella_Interior_D.png
  artifactKey: Guid(4c6240e34a0812b41a9a64d421585403) Importer(815301076,1909f56bfc062723c751e8b465ee728b)
Start importing Assets/Scripts/Tiles/tilesets/VisuStella_Interior_D.png using Guid(4c6240e34a0812b41a9a64d421585403) Importer(815301076,1909f56bfc062723c751e8b465ee728b)  -> (artifact id: '083f3b6d8b45f02ce4b6b33770b4cf9c') in 0.381487 seconds
  Import took 0.387753 seconds .

========================================================================
Received Import Request.
  Time since last request: 6.885004 seconds.
  path: Assets/Scripts/Tiles/tilesets/VisuStella_Interior_E.png
  artifactKey: Guid(eb8c483454229b14e993f1bbca3b8ce4) Importer(815301076,1909f56bfc062723c751e8b465ee728b)
Start importing Assets/Scripts/Tiles/tilesets/VisuStella_Interior_E.png using Guid(eb8c483454229b14e993f1bbca3b8ce4) Importer(815301076,1909f56bfc062723c751e8b465ee728b)  -> (artifact id: 'b079b8bbf354ff6a839e9bfaa157f7af') in 0.412768 seconds
  Import took 0.418298 seconds .

========================================================================
Received Import Request.
  Time since last request: 83.967040 seconds.
  path: Assets/Sprites/Package/Map_Example.png
  artifactKey: Guid(119a3461a82184a49991dc63f092169f) Importer(815301076,1909f56bfc062723c751e8b465ee728b)
Start importing Assets/Sprites/Package/Map_Example.png using Guid(119a3461a82184a49991dc63f092169f) Importer(815301076,1909f56bfc062723c751e8b465ee728b)  -> (artifact id: '2a51f7f3314d853e937a551a7faad8db') in 0.022615 seconds
  Import took 0.027665 seconds .

========================================================================
Received Import Request.
  Time since last request: 0.000252 seconds.
  path: Assets/Sprites/Package/Pentagram.png
  artifactKey: Guid(4e14897d977daef4b9b9290156cc07a2) Importer(815301076,1909f56bfc062723c751e8b465ee728b)
Start importing Assets/Sprites/Package/Pentagram.png using Guid(4e14897d977daef4b9b9290156cc07a2) Importer(815301076,1909f56bfc062723c751e8b465ee728b)  -> (artifact id: '26705123252d50eb088c51d29e8b890d') in 0.027302 seconds
  Import took 0.031883 seconds .

========================================================================
Received Import Request.
  Time since last request: 0.000264 seconds.
  path: Assets/Sprites/Package/Tileset_Large.png
  artifactKey: Guid(d8837257c25ace24296595c95752a6ab) Importer(815301076,1909f56bfc062723c751e8b465ee728b)
Start importing Assets/Sprites/Package/Tileset_Large.png using Guid(d8837257c25ace24296595c95752a6ab) Importer(815301076,1909f56bfc062723c751e8b465ee728b)  -> (artifact id: '18f3d36c8ae10f36d9b358d7766ef1d2') in 0.313231 seconds
  Import took 0.319083 seconds .

========================================================================
Received Import Request.
  Time since last request: 0.000244 seconds.
  path: Assets/Sprites/Package/Pentagram.png
  artifactKey: Guid(4e14897d977daef4b9b9290156cc07a2) Importer(815301076,1909f56bfc062723c751e8b465ee728b)
Start importing Assets/Sprites/Package/Pentagram.png using Guid(4e14897d977daef4b9b9290156cc07a2) Importer(815301076,1909f56bfc062723c751e8b465ee728b)  -> (artifact id: '26705123252d50eb088c51d29e8b890d') in 0.006145 seconds
  Import took 0.011714 seconds .

========================================================================
Received Import Request.
  Time since last request: 0.505270 seconds.
  path: Assets/Sprites/Old Image/Clock.png
  artifactKey: Guid(a6da4624e8ab2d140a05bb56ac43ed32) Importer(815301076,1909f56bfc062723c751e8b465ee728b)
Start importing Assets/Sprites/Old Image/Clock.png using Guid(a6da4624e8ab2d140a05bb56ac43ed32) Importer(815301076,1909f56bfc062723c751e8b465ee728b)  -> (artifact id: '4fb040e94c6f7ffa90e7c53eb921d9e8') in 0.017413 seconds
  Import took 0.022092 seconds .

========================================================================
Received Import Request.
  Time since last request: 0.000245 seconds.
  path: Assets/Sprites/Old Image/HP.png
  artifactKey: Guid(7ec0a785085c505418643772fd7b9725) Importer(815301076,1909f56bfc062723c751e8b465ee728b)
Start importing Assets/Sprites/Old Image/HP.png using Guid(7ec0a785085c505418643772fd7b9725) Importer(815301076,1909f56bfc062723c751e8b465ee728b)  -> (artifact id: '0ad96863218e29de7ad71057d42c084d') in 0.025367 seconds
  Import took 0.030613 seconds .

========================================================================
Received Import Request.
  Time since last request: 0.000656 seconds.
  path: Assets/Sprites/Old Image/Pronunciation.png
  artifactKey: Guid(e2af63ee68ae01144b9c54eaa4be97d9) Importer(815301076,1909f56bfc062723c751e8b465ee728b)
Start importing Assets/Sprites/Old Image/Pronunciation.png using Guid(e2af63ee68ae01144b9c54eaa4be97d9) Importer(815301076,1909f56bfc062723c751e8b465ee728b)  -> (artifact id: '0f72ff85d2d8bb7c420c3cb881fff967') in 0.018397 seconds
  Import took 0.023855 seconds .

========================================================================
Received Import Request.
  Time since last request: 0.000266 seconds.
  path: Assets/Sprites/Old Image/HP.png
  artifactKey: Guid(7ec0a785085c505418643772fd7b9725) Importer(815301076,1909f56bfc062723c751e8b465ee728b)
Start importing Assets/Sprites/Old Image/HP.png using Guid(7ec0a785085c505418643772fd7b9725) Importer(815301076,1909f56bfc062723c751e8b465ee728b)  -> (artifact id: '0ad96863218e29de7ad71057d42c084d') in 0.010732 seconds
  Import took 0.015831 seconds .

========================================================================
Received Import Request.
  Time since last request: 12.410707 seconds.
  path: Assets/TileMaps/New Palette.prefab
  artifactKey: Guid(206e7515130f60747a80014f0bd34508) Importer(815301076,1909f56bfc062723c751e8b465ee728b)
Start importing Assets/TileMaps/New Palette.prefab using Guid(206e7515130f60747a80014f0bd34508) Importer(815301076,1909f56bfc062723c751e8b465ee728b)  -> (artifact id: '28c43c00d2270199f3793f1e6d6bd73c') in 0.008606 seconds
  Import took 0.013364 seconds .

========================================================================
Received Import Request.
  Time since last request: 0.000264 seconds.
  path: Assets/TileMaps/TilePalette.prefab
  artifactKey: Guid(2f9996f1a8edef544aeda10e0a42ff59) Importer(815301076,1909f56bfc062723c751e8b465ee728b)
Start importing Assets/TileMaps/TilePalette.prefab using Guid(2f9996f1a8edef544aeda10e0a42ff59) Importer(815301076,1909f56bfc062723c751e8b465ee728b)  -> (artifact id: '8724ab1f977ca3fdd2c47267cc6a6bcc') in 0.007627 seconds
  Import took 0.012483 seconds .

========================================================================
Received Import Request.
  Time since last request: 12.399343 seconds.
  path: Assets/TileMaps/OldPalette.prefab
  artifactKey: Guid(206e7515130f60747a80014f0bd34508) Importer(815301076,1909f56bfc062723c751e8b465ee728b)
Start importing Assets/TileMaps/OldPalette.prefab using Guid(206e7515130f60747a80014f0bd34508) Importer(815301076,1909f56bfc062723c751e8b465ee728b)  -> (artifact id: '0a8b282f04322696c12844a684bb175a') in 0.007619 seconds
  Import took 0.012781 seconds .

========================================================================
Received Import Request.
  Time since last request: 11.126032 seconds.
  path: Assets/TileMaps/Tiles
  artifactKey: Guid(e3e125602cb4a3c48a578f555d56124c) Importer(815301076,1909f56bfc062723c751e8b465ee728b)
Start importing Assets/TileMaps/Tiles using Guid(e3e125602cb4a3c48a578f555d56124c) Importer(815301076,1909f56bfc062723c751e8b465ee728b)  -> (artifact id: 'd7e9b27068c7261fa3d256e0d51e4d09') in 0.001736 seconds
  Import took 0.007203 seconds .

========================================================================
Received Import Request.
  Time since last request: 1.216139 seconds.
  path: Assets/TileMaps/TestTiles
  artifactKey: Guid(4e20f0165f513a94b8f8ebba8cbea293) Importer(815301076,1909f56bfc062723c751e8b465ee728b)
Start importing Assets/TileMaps/TestTiles using Guid(4e20f0165f513a94b8f8ebba8cbea293) Importer(815301076,1909f56bfc062723c751e8b465ee728b)  -> (artifact id: 'ffa9a711e475fab0730115dc2e8adfc2') in 0.006337 seconds
  Import took 0.011836 seconds .

========================================================================
Received Import Request.
  Time since last request: 222.708569 seconds.
  path: Assets/Scripts/Tiles/tilesets/VisuStella_A5.png
  artifactKey: Guid(02f3ba1ed895df448a6ce439d3c1c850) Importer(815301076,1909f56bfc062723c751e8b465ee728b)
Start importing Assets/Scripts/Tiles/tilesets/VisuStella_A5.png using Guid(02f3ba1ed895df448a6ce439d3c1c850) Importer(815301076,1909f56bfc062723c751e8b465ee728b)  -> (artifact id: '25d08d6e7e9d15650ddd24f3511ce41c') in 0.179388 seconds
  Import took 0.185555 seconds .

========================================================================
Received Import Request.
  Time since last request: 0.000271 seconds.
  path: Assets/Scripts/Tiles/tilesets/VisuStella_Interior_C.png
  artifactKey: Guid(48722231545f24f4b9d56c71844ec565) Importer(815301076,1909f56bfc062723c751e8b465ee728b)
Start importing Assets/Scripts/Tiles/tilesets/VisuStella_Interior_C.png using Guid(48722231545f24f4b9d56c71844ec565) Importer(815301076,1909f56bfc062723c751e8b465ee728b)  -> (artifact id: '0b501a6ee8e5f5be881f897c189d20bf') in 0.328190 seconds
  Import took 0.333664 seconds .

========================================================================
Received Import Request.
  Time since last request: 0.000221 seconds.
  path: Assets/Scripts/Tiles/tilesets/VisuStella_Interior_D.png
  artifactKey: Guid(4c6240e34a0812b41a9a64d421585403) Importer(815301076,1909f56bfc062723c751e8b465ee728b)
Start importing Assets/Scripts/Tiles/tilesets/VisuStella_Interior_D.png using Guid(4c6240e34a0812b41a9a64d421585403) Importer(815301076,1909f56bfc062723c751e8b465ee728b)  -> (artifact id: '2cd945489ff9778e103d99c5150f0901') in 0.314188 seconds
  Import took 0.319675 seconds .

========================================================================
Received Import Request.
  Time since last request: 0.000310 seconds.
  path: Assets/Scripts/Tiles/tilesets/VisuStella_Ground_A2.png
  artifactKey: Guid(7ab9db4bcf90d634a9efd04aceb1fcd8) Importer(815301076,1909f56bfc062723c751e8b465ee728b)
Start importing Assets/Scripts/Tiles/tilesets/VisuStella_Ground_A2.png using Guid(7ab9db4bcf90d634a9efd04aceb1fcd8) Importer(815301076,1909f56bfc062723c751e8b465ee728b)  -> (artifact id: 'ad3d515cde33d569c8a3aa649ee12d35') in 0.149409 seconds
  Import took 0.154757 seconds .

========================================================================
Received Import Request.
  Time since last request: 0.000216 seconds.
  path: Assets/Scripts/Tiles/tilesets/VisuStella_Interior_A4.png
  artifactKey: Guid(42f0888b06d128a4bbf58b42728528db) Importer(815301076,1909f56bfc062723c751e8b465ee728b)
Start importing Assets/Scripts/Tiles/tilesets/VisuStella_Interior_A4.png using Guid(42f0888b06d128a4bbf58b42728528db) Importer(815301076,1909f56bfc062723c751e8b465ee728b)  -> (artifact id: '94bb1aee1471bd4c038eef9571d10393') in 0.144227 seconds
  Import took 0.149116 seconds .

========================================================================
Received Import Request.
  Time since last request: 0.000216 seconds.
  path: Assets/Scripts/Tiles/tilesets/VisuStella_Interior_E.png
  artifactKey: Guid(eb8c483454229b14e993f1bbca3b8ce4) Importer(815301076,1909f56bfc062723c751e8b465ee728b)
Start importing Assets/Scripts/Tiles/tilesets/VisuStella_Interior_E.png using Guid(eb8c483454229b14e993f1bbca3b8ce4) Importer(815301076,1909f56bfc062723c751e8b465ee728b)  -> (artifact id: '1f9f8de02f82abe9840ed42973aa267c') in 0.257199 seconds
  Import took 0.262518 seconds .

========================================================================
Received Import Request.
  Time since last request: 0.000227 seconds.
  path: Assets/Scripts/Tiles/tilesets/VisuStella_Interior_B.png
  artifactKey: Guid(5e4509b5689f7214a954922203cc4cb8) Importer(815301076,1909f56bfc062723c751e8b465ee728b)
Start importing Assets/Scripts/Tiles/tilesets/VisuStella_Interior_B.png using Guid(5e4509b5689f7214a954922203cc4cb8) Importer(815301076,1909f56bfc062723c751e8b465ee728b)  -> (artifact id: '715f8bbd5195430d352d6ff70a8e22ed') in 0.237671 seconds
  Import took 0.242943 seconds .

========================================================================
Received Import Request.
  Time since last request: 364.138722 seconds.
  path: Assets/Scripts/Tiles/tilesets/VisuStella_A5.png
  artifactKey: Guid(02f3ba1ed895df448a6ce439d3c1c850) Importer(815301076,1909f56bfc062723c751e8b465ee728b)
Start importing Assets/Scripts/Tiles/tilesets/VisuStella_A5.png using Guid(02f3ba1ed895df448a6ce439d3c1c850) Importer(815301076,1909f56bfc062723c751e8b465ee728b)  -> (artifact id: 'b3358c81c3f42fb4eea4b361451aa858') in 0.214590 seconds
  Import took 0.221492 seconds .

========================================================================
Received Import Request.
  Time since last request: 44.639292 seconds.
  path: Assets/Scripts/Tiles/tilesets/VisuStella_A5.png
  artifactKey: Guid(02f3ba1ed895df448a6ce439d3c1c850) Importer(815301076,1909f56bfc062723c751e8b465ee728b)
Start importing Assets/Scripts/Tiles/tilesets/VisuStella_A5.png using Guid(02f3ba1ed895df448a6ce439d3c1c850) Importer(815301076,1909f56bfc062723c751e8b465ee728b)  -> (artifact id: '62a30f463a6fcef2f54fef244b5cf048') in 0.191619 seconds
  Import took 0.196644 seconds .

========================================================================
Received Import Request.
  Time since last request: 0.000245 seconds.
  path: Assets/Scripts/Tiles/tilesets/VisuStella_Interior_C.png
  artifactKey: Guid(48722231545f24f4b9d56c71844ec565) Importer(815301076,1909f56bfc062723c751e8b465ee728b)
Start importing Assets/Scripts/Tiles/tilesets/VisuStella_Interior_C.png using Guid(48722231545f24f4b9d56c71844ec565) Importer(815301076,1909f56bfc062723c751e8b465ee728b)  -> (artifact id: '0de549886b18c356e5369a3237c516f8') in 0.344398 seconds
  Import took 0.349700 seconds .

========================================================================
Received Import Request.
  Time since last request: 0.000234 seconds.
  path: Assets/Scripts/Tiles/tilesets/VisuStella_Interior_D.png
  artifactKey: Guid(4c6240e34a0812b41a9a64d421585403) Importer(815301076,1909f56bfc062723c751e8b465ee728b)
Start importing Assets/Scripts/Tiles/tilesets/VisuStella_Interior_D.png using Guid(4c6240e34a0812b41a9a64d421585403) Importer(815301076,1909f56bfc062723c751e8b465ee728b)  -> (artifact id: '331d3b8db246aa212a9241e01153e8a2') in 0.319993 seconds
  Import took 0.325541 seconds .

========================================================================
Received Import Request.
  Time since last request: 0.000215 seconds.
  path: Assets/Scripts/Tiles/tilesets/VisuStella_Ground_A2.png
  artifactKey: Guid(7ab9db4bcf90d634a9efd04aceb1fcd8) Importer(815301076,1909f56bfc062723c751e8b465ee728b)
Start importing Assets/Scripts/Tiles/tilesets/VisuStella_Ground_A2.png using Guid(7ab9db4bcf90d634a9efd04aceb1fcd8) Importer(815301076,1909f56bfc062723c751e8b465ee728b)  -> (artifact id: 'cab4abd1f817e6ccf7099dc649875a0e') in 0.142633 seconds
  Import took 0.147360 seconds .

========================================================================
Received Import Request.
  Time since last request: 0.000234 seconds.
  path: Assets/Scripts/Tiles/tilesets/VisuStella_Interior_A4.png
  artifactKey: Guid(42f0888b06d128a4bbf58b42728528db) Importer(815301076,1909f56bfc062723c751e8b465ee728b)
Start importing Assets/Scripts/Tiles/tilesets/VisuStella_Interior_A4.png using Guid(42f0888b06d128a4bbf58b42728528db) Importer(815301076,1909f56bfc062723c751e8b465ee728b)  -> (artifact id: '77fb9aab88fe9a3d3a14640bc6f6501e') in 0.140075 seconds
  Import took 0.144694 seconds .

========================================================================
Received Import Request.
  Time since last request: 0.000238 seconds.
  path: Assets/Scripts/Tiles/tilesets/VisuStella_Interior_E.png
  artifactKey: Guid(eb8c483454229b14e993f1bbca3b8ce4) Importer(815301076,1909f56bfc062723c751e8b465ee728b)
Start importing Assets/Scripts/Tiles/tilesets/VisuStella_Interior_E.png using Guid(eb8c483454229b14e993f1bbca3b8ce4) Importer(815301076,1909f56bfc062723c751e8b465ee728b)  -> (artifact id: '669623eb8a1598bc5b810d65dd586a2a') in 0.237232 seconds
  Import took 0.242381 seconds .

========================================================================
Received Import Request.
  Time since last request: 0.000221 seconds.
  path: Assets/Scripts/Tiles/tilesets/VisuStella_Interior_B.png
  artifactKey: Guid(5e4509b5689f7214a954922203cc4cb8) Importer(815301076,1909f56bfc062723c751e8b465ee728b)
Start importing Assets/Scripts/Tiles/tilesets/VisuStella_Interior_B.png using Guid(5e4509b5689f7214a954922203cc4cb8) Importer(815301076,1909f56bfc062723c751e8b465ee728b)  -> (artifact id: 'ac0f6caacd91efacb74a530ff61c755b') in 0.223478 seconds
  Import took 0.228496 seconds .

========================================================================
Received Prepare
Registering precompiled user dll's ...
Registered in 0.002616 seconds.
Begin MonoManager ReloadAssembly
Native extension for WindowsStandalone target not found
Refreshing native plugins compatible for Editor in 0.63 ms, found 1 plugins.
Preloading 0 native plugins for Editor in 0.00 ms.
Mono: successfully reloaded assembly
- Completed reload, in  0.910 seconds
Platform modules already initialized, skipping
Shader 'Universal Render Pipeline/Particles/Lit': fallback shader 'Universal Render Pipeline/Particles/SimpleLit' not found
Refreshing native plugins compatible for Editor in 0.65 ms, found 1 plugins.
Preloading 0 native plugins for Editor in 0.00 ms.
Unloading 3032 Unused Serialized files (Serialized files now loaded: 0)
System memory in use before: 135.6 MB.
System memory in use after: 135.7 MB.

Unloading 15 unused Assets to reduce memory usage. Loaded Objects now: 3620.
Total: 3.338300 ms (FindLiveObjects: 0.309000 ms CreateObjectMapping: 0.122700 ms MarkObjects: 2.815600 ms  DeleteObjects: 0.089900 ms)

========================================================================
Received Import Request.
  Time since last request: 143.556218 seconds.
  path: Assets/Scripts/Tiles/tilesets/VisuStella_A5.png
  artifactKey: Guid(02f3ba1ed895df448a6ce439d3c1c850) Importer(815301076,1909f56bfc062723c751e8b465ee728b)
Start importing Assets/Scripts/Tiles/tilesets/VisuStella_A5.png using Guid(02f3ba1ed895df448a6ce439d3c1c850) Importer(815301076,1909f56bfc062723c751e8b465ee728b)  -> (artifact id: '79a042b17b470fa7e7fd398bd23729a8') in 0.316719 seconds
  Import took 0.323746 seconds .

AssetImportWorkerClient::OnTransportError - code=2 error=End of file
